============================= test session starts =============================
platform win32 -- Python 3.13.0, pytest-9.0.3, pluggy-1.6.0 -- E:\python\python.exe
cachedir: .pytest_cache
metadata: {'Python': '3.13.0', 'Platform': 'Windows-10-10.0.17763-SP0', 'Packages': {'pytest': '9.0.3', 'pluggy': '1.6.0'}, 'Plugins': {'allure-pytest': '2.15.3', 'html': '3.2.0', 'metadata': '3.1.1'}}
rootdir: E:\Git\自动化脚本\Web端自动化\V1.0.3
configfile: pytest.ini
plugins: allure-pytest-2.15.3, html-3.2.0, metadata-3.1.1
collecting ... collected 20 items

cases/test_business.py::TestBusinessFlow::test_01_cancel_create_map 正在启动 ChromeDriver...（2D环境）

------------------------------- live log setup --------------------------------
WARNING  selenium.webdriver.common.selenium_manager:selenium_manager.py:163 Exception managing chrome: error sending request for url (https://googlechromelabs.github.io/chrome-for-testing/known-good-versions-with-downloads.json)
正在登录系统...
打开登录页耗时: 1.95s
输入账号密码耗时: 0.18s
点击登录按钮耗时: 0.49s
✅ 无异常重启弹窗
处理弹窗耗时: 1.07s
等待任务设置元素耗时: 0.02s
登录总耗时: 3.70s
✅ 登录成功
setUpClass 成功
✅ 已清理【可见】异常弹窗
👉 进入遥控模式
取消建图前数量: 3
⚠️ 超时未找到元素: button.mapButton:nth-child(2)
取消建图后数量: 3
PASSED
cases/test_business.py::TestBusinessFlow::test_02_create_new_map 新建地图前数量: 3
点击确定建图
新建地图后数量: 4
PASSED
cases/test_business.py::TestBusinessFlow::test_03_edit_map PASSED
cases/test_business.py::TestBusinessFlow::test_04_expand_map ⚠️ 超时未找到元素: .ivu-modal-confirm-footer > button:nth-child(1)
PASSED
cases/test_business.py::TestBusinessFlow::test_05_delete_map 删除地图前数量: 4
删除地图后数量: 3
PASSED
cases/test_business.py::TestBusinessFlow::test_06_upload_map ✅ 已清理【可见】异常弹窗
上传地图前数量: 3
⚠️ 超时未找到元素: //input[@type='file']
✅ 3Dmap.json 上传成功
⚠️ 超时未找到元素: //input[@type='file']
✅ 2Dmap.json 上传成功
✅ 地图上传验证通过
PASSED
cases/test_business.py::TestBusinessFlow::test_07_set_last_map_default 当前地图总数：5，正在设置最后一张为默认...
✅ 第 5 张地图已设置为默认
PASSED
cases/test_business.py::TestBusinessFlow::test_08_delete_map_again 删除地图前数量: 5
删除地图后数量: 4
PASSED
cases/test_business.py::TestBusinessFlow::test_09_relocate 开始矫正定位（2D环境）
PASSED
cases/test_business.py::TestBusinessFlow::test_10_create_teach_route [表情] 点击第1个确定（xpath）
[表情] 点击第2个确定（坐标）
[表情] 点击第3个确定（坐标）
FAILED
cases/test_business.py::TestBusinessFlow::test_11_create_normal_route ⚠️ 超时未找到元素: //div[@class='ivu-message-notice-content']
PASSED
cases/test_business.py::TestBusinessFlow::test_12_create_fillin_route ⚠️ 超时未找到元素: //div[@class='ivu-message-notice-content']
PASSED
cases/test_business.py::TestBusinessFlow::test_13_edit_route PASSED
cases/test_business.py::TestBusinessFlow::test_14_delete_route PASSED
cases/test_business.py::TestBusinessFlow::test_15_create_new_task 新增任务
👉 点击加号添加路径
👉 【新增弹窗】点击确定保存任务
PASSED
cases/test_business.py::TestBusinessFlow::test_16_edit_task 👉 编辑时添加第二条路径
👉 【编辑弹窗】点击确定保存
PASSED
cases/test_business.py::TestBusinessFlow::test_17_delete_task 👉 确认删除
PASSED
cases/test_business.py::TestBusinessFlow::test_18_enter_map_page PASSED
cases/test_business.py::TestBusinessFlow::test_19_set_first_map_default ✅ 正在设置【第一张】地图为默认...
✅ 第一张地图已设置为默认
PASSED
cases/test_business.py::TestBusinessFlow::test_20_delete_last_map 当前共 4 张地图 → 即将删除最后一张
删除地图前数量: 4
删除地图后数量: 3
PASSED

================================== FAILURES ===================================
_________________ TestBusinessFlow.test_10_create_teach_route _________________
cases\test_business.py:203: in test_10_create_teach_route
    self.assertEqual(after, before + 1, "教学路线创建后数量应+1")
E   AssertionError: 3 != 4 : 教学路线创建后数量应+1
------ generated xml file: E:\Git\自动化脚本\Web端自动化\V1.0.3\test_results.xml -------
- generated html file: file:///E:/Git/%E8%87%AA%E5%8A%A8%E5%8C%96%E8%84%9A%E6%9C%AC/Web%E7%AB%AF%E8%87%AA%E5%8A%A8%E5%8C%96/V1.0.3/report/report.html -
=========================== short test summary info ===========================
FAILED cases/test_business.py::TestBusinessFlow::test_10_create_teach_route - AssertionError: 3 != 4 : 教学路线创建后数量应+1
================== 1 failed, 19 passed in 467.55s (0:07:47) ===================
