============================= test session starts =============================
platform win32 -- Python 3.13.0, pytest-9.0.3, pluggy-1.6.0 -- E:\python\python.exe
cachedir: .pytest_cache
metadata: {'Python': '3.13.0', 'Platform': 'Windows-10-10.0.17763-SP0', 'Packages': {'pytest': '9.0.3', 'pluggy': '1.6.0'}, 'Plugins': {'allure-pytest': '2.15.3', 'html': '3.2.0', 'metadata': '3.1.1'}}
rootdir: E:\Git\自动化脚本\Web端自动化\V1.0.3
configfile: pytest.ini
plugins: allure-pytest-2.15.3, html-3.2.0, metadata-3.1.1
collecting ... collected 20 items

cases/test_business.py::TestBusinessFlow::test_01_cancel_create_map 正在启动 ChromeDriver...（3D环境）

------------------------------- live log setup --------------------------------
WARNING  selenium.webdriver.common.selenium_manager:selenium_manager.py:163 Exception managing chrome: error sending request for url (https://googlechromelabs.github.io/chrome-for-testing/known-good-versions-with-downloads.json)
正在登录系统...
打开登录页耗时: 3.27s
输入账号密码耗时: 0.19s
点击登录按钮耗时: 0.49s
✅ 无异常重启弹窗
处理弹窗耗时: 1.29s
等待任务设置元素耗时: 0.01s
登录总耗时: 5.25s
✅ 登录成功
setUpClass 成功
✅ 已清理【可见】异常弹窗
👉 进入遥控模式
取消建图前数量: 12
⚠️ 超时未找到元素: button.mapButton:nth-child(2)
取消建图后数量: 12
PASSED
cases/test_business.py::TestBusinessFlow::test_02_create_new_map 新建地图前数量: 12
点击确定建图
新建地图后数量: 13
PASSED
cases/test_business.py::TestBusinessFlow::test_03_edit_map PASSED
cases/test_business.py::TestBusinessFlow::test_04_expand_map Traceback (most recent call last):
  File "E:\Git\自动化脚本\Web端自动化\V1.0.3\base\base_page.py", line 128, in click_css
    element = WebDriverWait(self.driver, wait_time).until(
        EC.element_to_be_clickable((By.CSS_SELECTOR, css))
    )
  File "E:\python\Lib\site-packages\selenium\webdriver\support\wait.py", line 121, in until
    raise TimeoutException(message, screen, stacktrace)
selenium.common.exceptions.TimeoutException: Message: 


During handling of the above exception, another exception occurred:

Traceback (most recent call last):
  File "E:\python\Lib\site-packages\_pytest\main.py", line 318, in wrap_session
    session.exitstatus = doit(config, session) or 0
                         ~~~~^^^^^^^^^^^^^^^^^
  File "E:\python\Lib\site-packages\_pytest\main.py", line 372, in _main
    config.hook.pytest_runtestloop(session=session)
    ~~~~~~~~~~~~~~~~~~~~~~~~~~~~~~^^^^^^^^^^^^^^^^^
  File "E:\python\Lib\site-packages\pluggy\_hooks.py", line 512, in __call__
    return self._hookexec(self.name, self._hookimpls.copy(), kwargs, firstresult)
           ~~~~~~~~~~~~~~^^^^^^^^^^^^^^^^^^^^^^^^^^^^^^^^^^^^^^^^^^^^^^^^^^^^^^^^
  File "E:\python\Lib\site-packages\pluggy\_manager.py", line 120, in _hookexec
    return self._inner_hookexec(hook_name, methods, kwargs, firstresult)
           ~~~~~~~~~~~~~~~~~~~~^^^^^^^^^^^^^^^^^^^^^^^^^^^^^^^^^^^^^^^^^
  File "E:\python\Lib\site-packages\pluggy\_callers.py", line 167, in _multicall
    raise exception
  File "E:\python\Lib\site-packages\pluggy\_callers.py", line 139, in _multicall
    teardown.throw(exception)
    ~~~~~~~~~~~~~~^^^^^^^^^^^
  File "E:\python\Lib\site-packages\_pytest\logging.py", line 801, in pytest_runtestloop
    return (yield)  # Run all the tests.
            ^^^^^
  File "E:\python\Lib\site-packages\pluggy\_callers.py", line 139, in _multicall
    teardown.throw(exception)
    ~~~~~~~~~~~~~~^^^^^^^^^^^
  File "E:\python\Lib\site-packages\_pytest\terminal.py", line 707, in pytest_runtestloop
    result = yield
             ^^^^^
  File "E:\python\Lib\site-packages\pluggy\_callers.py", line 121, in _multicall
    res = hook_impl.function(*args)
  File "E:\python\Lib\site-packages\_pytest\main.py", line 396, in pytest_runtestloop
    item.config.hook.pytest_runtest_protocol(item=item, nextitem=nextitem)
    ~~~~~~~~~~~~~~~~~~~~~~~~~~~~~~~~~~~~~~~~^^^^^^^^^^^^^^^^^^^^^^^^^^^^^^
  File "E:\python\Lib\site-packages\pluggy\_hooks.py", line 512, in __call__
    return self._hookexec(self.name, self._hookimpls.copy(), kwargs, firstresult)
           ~~~~~~~~~~~~~~^^^^^^^^^^^^^^^^^^^^^^^^^^^^^^^^^^^^^^^^^^^^^^^^^^^^^^^^
  File "E:\python\Lib\site-packages\pluggy\_manager.py", line 120, in _hookexec
    return self._inner_hookexec(hook_name, methods, kwargs, firstresult)
           ~~~~~~~~~~~~~~~~~~~~^^^^^^^^^^^^^^^^^^^^^^^^^^^^^^^^^^^^^^^^^
  File "E:\python\Lib\site-packages\pluggy\_callers.py", line 167, in _multicall
    raise exception
  File "E:\python\Lib\site-packages\pluggy\_callers.py", line 139, in _multicall
    teardown.throw(exception)
    ~~~~~~~~~~~~~~^^^^^^^^^^^
  File "E:\python\Lib\site-packages\pluggy\_callers.py", line 53, in run_old_style_hookwrapper
    return result.get_result()
           ~~~~~~~~~~~~~~~~~^^
  File "E:\python\Lib\site-packages\pluggy\_result.py", line 103, in get_result
    raise exc.with_traceback(tb)
  File "E:\python\Lib\site-packages\pluggy\_callers.py", line 38, in run_old_style_hookwrapper
    res = yield
          ^^^^^
  File "E:\python\Lib\site-packages\pluggy\_callers.py", line 139, in _multicall
    teardown.throw(exception)
    ~~~~~~~~~~~~~~^^^^^^^^^^^
  File "E:\python\Lib\site-packages\_pytest\warnings.py", line 89, in pytest_runtest_protocol
    return (yield)
            ^^^^^
  File "E:\python\Lib\site-packages\pluggy\_callers.py", line 139, in _multicall
    teardown.throw(exception)
    ~~~~~~~~~~~~~~^^^^^^^^^^^
  File "E:\python\Lib\site-packages\_pytest\assertion\__init__.py", line 192, in pytest_runtest_protocol
    return (yield)
            ^^^^^
  File "E:\python\Lib\site-packages\pluggy\_callers.py", line 139, in _multicall
    teardown.throw(exception)
    ~~~~~~~~~~~~~~^^^^^^^^^^^
  File "E:\python\Lib\site-packages\_pytest\unittest.py", line 591, in pytest_runtest_protocol
    return (yield)
            ^^^^^
  File "E:\python\Lib\site-packages\pluggy\_callers.py", line 139, in _multicall
    teardown.throw(exception)
    ~~~~~~~~~~~~~~^^^^^^^^^^^
  File "E:\python\Lib\site-packages\_pytest\faulthandler.py", line 102, in pytest_runtest_protocol
    return (yield)
            ^^^^^
  File "E:\python\Lib\site-packages\pluggy\_callers.py", line 121, in _multicall
    res = hook_impl.function(*args)
  File "E:\python\Lib\site-packages\_pytest\runner.py", line 118, in pytest_runtest_protocol
    runtestprotocol(item, nextitem=nextitem)
    ~~~~~~~~~~~~~~~^^^^^^^^^^^^^^^^^^^^^^^^^
  File "E:\python\Lib\site-packages\_pytest\runner.py", line 137, in runtestprotocol
    reports.append(call_and_report(item, "call", log))
                   ~~~~~~~~~~~~~~~^^^^^^^^^^^^^^^^^^^
  File "E:\python\Lib\site-packages\_pytest\runner.py", line 244, in call_and_report
    call = CallInfo.from_call(
        lambda: runtest_hook(item=item, **kwds),
        when=when,
        reraise=get_reraise_exceptions(item.config),
    )
  File "E:\python\Lib\site-packages\_pytest\runner.py", line 353, in from_call
    result: TResult | None = func()
                             ~~~~^^
  File "E:\python\Lib\site-packages\_pytest\runner.py", line 245, in <lambda>
    lambda: runtest_hook(item=item, **kwds),
            ~~~~~~~~~~~~^^^^^^^^^^^^^^^^^^^
  File "E:\python\Lib\site-packages\pluggy\_hooks.py", line 512, in __call__
    return self._hookexec(self.name, self._hookimpls.copy(), kwargs, firstresult)
           ~~~~~~~~~~~~~~^^^^^^^^^^^^^^^^^^^^^^^^^^^^^^^^^^^^^^^^^^^^^^^^^^^^^^^^
  File "E:\python\Lib\site-packages\pluggy\_manager.py", line 120, in _hookexec
    return self._inner_hookexec(hook_name, methods, kwargs, firstresult)
           ~~~~~~~~~~~~~~~~~~~~^^^^^^^^^^^^^^^^^^^^^^^^^^^^^^^^^^^^^^^^^
  File "E:\python\Lib\site-packages\pluggy\_callers.py", line 167, in _multicall
    raise exception
  File "E:\python\Lib\site-packages\pluggy\_callers.py", line 139, in _multicall
    teardown.throw(exception)
    ~~~~~~~~~~~~~~^^^^^^^^^^^
  File "E:\python\Lib\site-packages\_pytest\logging.py", line 850, in pytest_runtest_call
    yield
  File "E:\python\Lib\site-packages\pluggy\_callers.py", line 139, in _multicall
    teardown.throw(exception)
    ~~~~~~~~~~~~~~^^^^^^^^^^^
  File "E:\python\Lib\site-packages\pluggy\_callers.py", line 53, in run_old_style_hookwrapper
    return result.get_result()
           ~~~~~~~~~~~~~~~~~^^
  File "E:\python\Lib\site-packages\pluggy\_result.py", line 103, in get_result
    raise exc.with_traceback(tb)
  File "E:\python\Lib\site-packages\pluggy\_callers.py", line 38, in run_old_style_hookwrapper
    res = yield
          ^^^^^
  File "E:\python\Lib\site-packages\pluggy\_callers.py", line 139, in _multicall
    teardown.throw(exception)
    ~~~~~~~~~~~~~~^^^^^^^^^^^
  File "E:\python\Lib\site-packages\_pytest\capture.py", line 900, in pytest_runtest_call
    return (yield)
            ^^^^^
  File "E:\python\Lib\site-packages\pluggy\_callers.py", line 139, in _multicall
    teardown.throw(exception)
    ~~~~~~~~~~~~~~^^^^^^^^^^^
  File "E:\python\Lib\site-packages\_pytest\skipping.py", line 268, in pytest_runtest_call
    return (yield)
            ^^^^^
  File "E:\python\Lib\site-packages\pluggy\_callers.py", line 121, in _multicall
    res = hook_impl.function(*args)
  File "E:\python\Lib\site-packages\_pytest\runner.py", line 179, in pytest_runtest_call
    item.runtest()
    ~~~~~~~~~~~~^^
  File "E:\python\Lib\site-packages\_pytest\unittest.py", line 389, in runtest
    testcase(result=self)
    ~~~~~~~~^^^^^^^^^^^^^
  File "E:\python\Lib\unittest\case.py", line 707, in __call__
    return self.run(*args, **kwds)
           ~~~~~~~~^^^^^^^^^^^^^^^
  File "E:\python\Lib\unittest\case.py", line 651, in run
    self._callTestMethod(testMethod)
    ~~~~~~~~~~~~~~~~~~~~^^^^^^^^^^^^
  File "E:\python\Lib\unittest\case.py", line 606, in _callTestMethod
    if method() is not None:
       ~~~~~~^^
  File "E:\Git\自动化脚本\Web端自动化\V1.0.3\cases\test_business.py", line 153, in test_04_expand_map
    self.map_page.expand_map(idx)
    ~~~~~~~~~~~~~~~~~~~~~~~~^^^^^
  File "E:\Git\自动化脚本\Web端自动化\V1.0.3\pages\map_page.py", line 214, in expand_map
    self.click_css(self.BTN_EXPAND_CANCEL)
    ~~~~~~~~~~~~~~^^^^^^^^^^^^^^^^^^^^^^^^
  File "E:\Git\自动化脚本\Web端自动化\V1.0.3\base\base_page.py", line 155, in click_css
    time.sleep(0.5)
    ~~~~~~~~~~^^^^^
KeyboardInterrupt

During handling of the above exception, another exception occurred:

Traceback (most recent call last):
  File "<frozen runpy>", line 198, in _run_module_as_main
  File "<frozen runpy>", line 88, in _run_code
  File "E:\python\Scripts\pytest.exe\__main__.py", line 7, in <module>
    sys.exit(console_main())
             ~~~~~~~~~~~~^^
  File "E:\python\Lib\site-packages\_pytest\config\__init__.py", line 223, in console_main
    code = main()
  File "E:\python\Lib\site-packages\_pytest\config\__init__.py", line 199, in main
    ret: ExitCode | int = config.hook.pytest_cmdline_main(config=config)
                          ~~~~~~~~~~~~~~~~~~~~~~~~~~~~~~~^^^^^^^^^^^^^^^
  File "E:\python\Lib\site-packages\pluggy\_hooks.py", line 512, in __call__
    return self._hookexec(self.name, self._hookimpls.copy(), kwargs, firstresult)
           ~~~~~~~~~~~~~~^^^^^^^^^^^^^^^^^^^^^^^^^^^^^^^^^^^^^^^^^^^^^^^^^^^^^^^^
  File "E:\python\Lib\site-packages\pluggy\_manager.py", line 120, in _hookexec
    return self._inner_hookexec(hook_name, methods, kwargs, firstresult)
           ~~~~~~~~~~~~~~~~~~~~^^^^^^^^^^^^^^^^^^^^^^^^^^^^^^^^^^^^^^^^^
  File "E:\python\Lib\site-packages\pluggy\_callers.py", line 167, in _multicall
    raise exception
  File "E:\python\Lib\site-packages\pluggy\_callers.py", line 121, in _multicall
    res = hook_impl.function(*args)
  File "E:\python\Lib\site-packages\_pytest\main.py", line 365, in pytest_cmdline_main
    return wrap_session(config, _main)
  File "E:\python\Lib\site-packages\_pytest\main.py", line 332, in wrap_session
    config.hook.pytest_keyboard_interrupt(excinfo=excinfo)
    ~~~~~~~~~~~~~~~~~~~~~~~~~~~~~~~~~~~~~^^^^^^^^^^^^^^^^^
  File "E:\python\Lib\site-packages\pluggy\_hooks.py", line 512, in __call__
    return self._hookexec(self.name, self._hookimpls.copy(), kwargs, firstresult)
           ~~~~~~~~~~~~~~^^^^^^^^^^^^^^^^^^^^^^^^^^^^^^^^^^^^^^^^^^^^^^^^^^^^^^^^
  File "E:\python\Lib\site-packages\pluggy\_manager.py", line 120, in _hookexec
    return self._inner_hookexec(hook_name, methods, kwargs, firstresult)
           ~~~~~~~~~~~~~~~~~~~~^^^^^^^^^^^^^^^^^^^^^^^^^^^^^^^^^^^^^^^^^
  File "E:\python\Lib\site-packages\pluggy\_callers.py", line 167, in _multicall
    raise exception
  File "E:\python\Lib\site-packages\pluggy\_callers.py", line 121, in _multicall
    res = hook_impl.function(*args)
  File "E:\python\Lib\site-packages\_pytest\terminal.py", line 999, in pytest_keyboard_interrupt
    self._keyboardinterrupt_memo = excinfo.getrepr(funcargs=True)
                                   ~~~~~~~~~~~~~~~^^^^^^^^^^^^^^^
  File "E:\python\Lib\site-packages\_pytest\_code\code.py", line 765, in getrepr
    return fmt.repr_excinfo(self)
           ~~~~~~~~~~~~~~~~^^^^^^
  File "E:\python\Lib\site-packages\_pytest\_code\code.py", line 1206, in repr_excinfo
    reprtraceback = self.repr_traceback(excinfo_)
  File "E:\python\Lib\site-packages\_pytest\_code\code.py", line 1133, in repr_traceback
    self.repr_traceback_entry(entry, excinfo if last == entry else None)
    ~~~~~~~~~~~~~~~~~~~~~~~~~^^^^^^^^^^^^^^^^^^^^^^^^^^^^^^^^^^^^^^^^^^^
  File "E:\python\Lib\site-packages\_pytest\_code\code.py", line 1063, in repr_traceback_entry
    source = self._getentrysource(entry)
  File "E:\python\Lib\site-packages\_pytest\_code\code.py", line 901, in _getentrysource
    source = entry.getsource(self.astcache)
  File "E:\python\Lib\site-packages\_pytest\_code\code.py", line 299, in getsource
    astnode, _, end = getstatementrange_ast(
                      ~~~~~~~~~~~~~~~~~~~~~^
        self.lineno, source, astnode=astnode
        ^^^^^^^^^^^^^^^^^^^^^^^^^^^^^^^^^^^^
    )
    ^
  File "E:\python\Lib\site-packages\_pytest\_code\source.py", line 193, in getstatementrange_ast
    start, end = get_statement_startend2(lineno, astnode)
                 ~~~~~~~~~~~~~~~~~~~~~~~^^^^^^^^^^^^^^^^^
  File "E:\python\Lib\site-packages\_pytest\_code\source.py", line 157, in get_statement_startend2
    for x in ast.walk(node):
             ~~~~~~~~^^^^^^
  File "E:\python\Lib\ast.py", line 398, in walk
    while todo:
          ^^^^
KeyboardInterrupt
⚠️ XPath 点击失败 (尝试 1/2): //div[contains(@class,'ivu-modal') and .//div[contains(@class,'ivu-modal-header' => Message: 

⚠️ XPath 点击失败 (尝试 2/2): //div[contains(@class,'ivu-modal') and .//div[contains(@class,'ivu-modal-header' => Message: 

⚠️ CSS 点击失败 (尝试 1/2): .navigate-item => Message: 

⚠️ CSS 点击失败 (尝试 2/2): .navigate-item => Message: 

⚠️ CSS 点击失败 (尝试 1/2): button.mapButton:nth-child(2) => Message: 



------ generated xml file: E:\Git\自动化脚本\Web端自动化\V1.0.3\test_results.xml -------
- generated html file: file:///E:/Git/%E8%87%AA%E5%8A%A8%E5%8C%96%E8%84%9A%E6%9C%AC/Web%E7%AB%AF%E8%87%AA%E5%8A%A8%E5%8C%96/V1.0.3/report/report.html -
======================== 3 passed in 160.26s (0:02:40) ========================
