============================= test session starts =============================
platform win32 -- Python 3.13.0, pytest-9.0.3, pluggy-1.6.0 -- E:\python\python.exe
cachedir: .pytest_cache
metadata: {'Python': '3.13.0', 'Platform': 'Windows-10-10.0.17763-SP0', 'Packages': {'pytest': '9.0.3', 'pluggy': '1.6.0'}, 'Plugins': {'allure-pytest': '2.15.3', 'html': '3.2.0', 'metadata': '3.1.1'}}
rootdir: E:\Git\自动化脚本\Web端自动化\V1.0.3
configfile: pytest.ini
plugins: allure-pytest-2.15.3, html-3.2.0, metadata-3.1.1
collecting ... collected 20 items

cases/test_business.py::TestBusinessFlow::test_01_cancel_create_map 正在启动 ChromeDriver...（3D环境）

------------------------------- live log setup --------------------------------
WARNING  selenium.webdriver.common.selenium_manager:selenium_manager.py:163 Exception managing chrome: error sending request for url (https://googlechromelabs.github.io/chrome-for-testing/known-good-versions-with-downloads.json)
正在登录系统...
打开登录页耗时: 4.46s
输入账号密码耗时: 0.16s
点击登录按钮耗时: 0.49s
⚠️ 检测到异常重启弹窗，正在关闭
✅ 异常重启弹窗已关闭
处理弹窗耗时: 1.67s
等待任务设置元素耗时: 0.02s
登录总耗时: 6.79s
✅ 登录成功
setUpClass 成功
✅ 已清理【可见】异常弹窗
👉 进入遥控模式
取消建图前数量: 8
⚠️ 超时未找到元素: button.mapButton:nth-child(2)
取消建图后数量: 8
PASSED
cases/test_business.py::TestBusinessFlow::test_02_create_new_map 新建地图前数量: 8
点击确定建图
⚠️ 超时未找到元素: .ivu-modal-confirm-footer > button:nth-child(1)
新建地图后数量: 9
PASSED
cases/test_business.py::TestBusinessFlow::test_03_edit_map PASSED
cases/test_business.py::TestBusinessFlow::test_04_expand_map ⚠️ 超时未找到元素: .ivu-modal-confirm-footer > button:nth-child(1)
⚠️ CSS 点击失败 (尝试 1/2): .ivu-modal-confirm-footer > button:nth-child(1) => Message: 

PASSED
cases/test_business.py::TestBusinessFlow::test_05_delete_map 删除地图前数量: 9
删除地图后数量: 8
PASSED
cases/test_business.py::TestBusinessFlow::test_06_upload_map ✅ 已清理【可见】异常弹窗
上传地图前数量: 8
⚠️ 超时未找到元素: //input[@type='file']
✅ 2Dmap.json 上传成功
⚠️ 超时未找到元素: //input[@type='file']
✅ 3Dmap.json 上传成功
✅ 地图上传验证通过
PASSED
cases/test_business.py::TestBusinessFlow::test_07_set_last_map_default 当前地图总数：10，正在设置最后一张为默认...
✅ 第 10 张地图已设置为默认
PASSED
cases/test_business.py::TestBusinessFlow::test_08_delete_map_again 删除地图前数量: 10
删除地图后数量: 9
PASSED
cases/test_business.py::TestBusinessFlow::test_09_relocate 开始矫正定位（3D环境）
PASSED
cases/test_business.py::TestBusinessFlow::test_10_create_teach_route [表情] 点击第1个确定（xpath）
[表情] 点击第2个确定（坐标）
[表情] 点击第3个确定（坐标）
FAILED
cases/test_business.py::TestBusinessFlow::test_11_create_normal_route ⚠️ 超时未找到元素: .routeModal > div:nth-child(2) > div:nth-child(1) > div:nth-child(1) > div:nth-child(2) > div:nth-child(1) > div:nth-child(1) > input:nth-child(2)
⚠️ 超时未找到元素: //div[@class='ivu-message-notice-content']
FAILED
cases/test_business.py::TestBusinessFlow::test_12_create_fillin_route ⚠️ 超时未找到元素: //div[@class='ivu-message-notice-content']
PASSED
cases/test_business.py::TestBusinessFlow::test_13_edit_route PASSED
cases/test_business.py::TestBusinessFlow::test_14_delete_route PASSED
cases/test_business.py::TestBusinessFlow::test_15_create_new_task 新增任务
👉 点击加号添加路径
👉 【新增弹窗】点击确定保存任务
PASSED
cases/test_business.py::TestBusinessFlow::test_16_edit_task 👉 编辑时添加第二条路径
👉 【编辑弹窗】点击确定保存
PASSED
cases/test_business.py::TestBusinessFlow::test_17_delete_task FAILED
cases/test_business.py::TestBusinessFlow::test_18_enter_map_page PASSED
cases/test_business.py::TestBusinessFlow::test_19_set_first_map_default ✅ 正在设置【第一张】地图为默认...
✅ 第一张地图已设置为默认
PASSED
cases/test_business.py::TestBusinessFlow::test_20_delete_last_map 当前共 9 张地图 → 即将删除最后一张
删除地图前数量: 9
删除地图后数量: 8
PASSED

================================== FAILURES ===================================
_________________ TestBusinessFlow.test_10_create_teach_route _________________
cases\test_business.py:203: in test_10_create_teach_route
    self.assertEqual(after, before + 1, "教学路线创建后数量应+1")
E   AssertionError: 2 != 3 : 教学路线创建后数量应+1
________________ TestBusinessFlow.test_11_create_normal_route _________________
cases\test_business.py:210: in test_11_create_normal_route
    self.assertEqual(after, before + 1)
E   AssertionError: 4 != 3
____________________ TestBusinessFlow.test_17_delete_task _____________________
cases\test_business.py:254: in test_17_delete_task
    self.task_page.delete_task()
pages\task_page.py:114: in delete_task
    self.click_clickable((By.XPATH, self.BTN_DELETE))
pages\task_page.py:58: in click_clickable
    self.click_xpath(xpath, wait_time=timeout)
base\base_page.py:74: in click_xpath
    element = WebDriverWait(self.driver, wait_time).until(
E:\python\Lib\site-packages\selenium\webdriver\support\wait.py:112: in until
    value = method(self._driver)
            ^^^^^^^^^^^^^^^^^^^^
E:\python\Lib\site-packages\selenium\webdriver\support\expected_conditions.py:514: in _predicate
    target = driver.find_element(*target)  # grab element at locator
             ^^^^^^^^^^^^^^^^^^^^^^^^^^^^
E:\python\Lib\site-packages\selenium\webdriver\remote\webdriver.py:823: in find_element
    return self.execute(Command.FIND_ELEMENT, {"using": by, "value": value})["value"]
           ^^^^^^^^^^^^^^^^^^^^^^^^^^^^^^^^^^^^^^^^^^^^^^^^^^^^^^^^^^^^^^^^^
E:\python\Lib\site-packages\selenium\webdriver\remote\webdriver.py:450: in execute
    self.error_handler.check_response(response)
E:\python\Lib\site-packages\selenium\webdriver\remote\errorhandler.py:232: in check_response
    raise exception_class(message, screen, stacktrace)
E   selenium.common.exceptions.InvalidArgumentException: Message: invalid argument: 'value' must be a string
E     (Session info: chrome=147.0.7727.102)
E   Stacktrace:
E   	chromedriver!GetHandleVerifier [0x7ff7c8350295+146d5]
E   	chromedriver!GetHandleVerifier [0x7ff7c8350300+14740]
E   	chromedriver!(No symbol) [0x7ff7c80bd7cd]
E   	chromedriver!(No symbol) [0x7ff7c8116a41]
E   	chromedriver!(No symbol) [0x7ff7c8116f5c]
E   	chromedriver!(No symbol) [0x7ff7c8167cc7]
E   	chromedriver!(No symbol) [0x7ff7c8164818]
E   	chromedriver!(No symbol) [0x7ff7c8109018]
E   	chromedriver!(No symbol) [0x7ff7c8109f03]
E   	chromedriver!GetHandleVerifier [0x7ff7c8665949+329d89]
E   	chromedriver!GetHandleVerifier [0x7ff7c865fe96+3242d6]
E   	chromedriver!GetHandleVerifier [0x7ff7c8683102+347542]
E   	chromedriver!GetHandleVerifier [0x7ff7c836d425+31865]
E   	chromedriver!GetHandleVerifier [0x7ff7c837605c+3a49c]
E   	chromedriver!GetHandleVerifier [0x7ff7c8359684+1dac4]
E   	chromedriver!GetHandleVerifier [0x7ff7c8359836+1dc76]
E   	chromedriver!GetHandleVerifier [0x7ff7c833e347+2787]
E   	KERNEL32!BaseThreadInitThunk [0x7ff8d5517ac4+14]
E   	ntdll!RtlUserThreadStart [0x7ff8d657a8c1+21]
------ generated xml file: E:\Git\自动化脚本\Web端自动化\V1.0.3\test_results.xml -------
- generated html file: file:///E:/Git/%E8%87%AA%E5%8A%A8%E5%8C%96%E8%84%9A%E6%9C%AC/Web%E7%AB%AF%E8%87%AA%E5%8A%A8%E5%8C%96/V1.0.3/report/report.html -
=========================== short test summary info ===========================
FAILED cases/test_business.py::TestBusinessFlow::test_10_create_teach_route - AssertionError: 2 != 3 : 教学路线创建后数量应+1
FAILED cases/test_business.py::TestBusinessFlow::test_11_create_normal_route - AssertionError: 4 != 3
FAILED cases/test_business.py::TestBusinessFlow::test_17_delete_task - selenium.common.exceptions.InvalidArgumentException: Message: invalid argument: 'value' must be a string
  (Session info: chrome=147.0.7727.102)
Stacktrace:
	chromedriver!GetHandleVerifier [0x7ff7c8350295+146d5]
	chromedriver!GetHandleVerifier [0x7ff7c8350300+14740]
	chromedriver!(No symbol) [0x7ff7c80bd7cd]
	chromedriver!(No symbol) [0x7ff7c8116a41]
	chromedriver!(No symbol) [0x7ff7c8116f5c]
	chromedriver!(No symbol) [0x7ff7c8167cc7]
	chromedriver!(No symbol) [0x7ff7c8164818]
	chromedriver!(No symbol) [0x7ff7c8109018]
	chromedriver!(No symbol) [0x7ff7c8109f03]
	chromedriver!GetHandleVerifier [0x7ff7c8665949+329d89]
	chromedriver!GetHandleVerifier [0x7ff7c865fe96+3242d6]
	chromedriver!GetHandleVerifier [0x7ff7c8683102+347542]
	chromedriver!GetHandleVerifier [0x7ff7c836d425+31865]
	chromedriver!GetHandleVerifier [0x7ff7c837605c+3a49c]
	chromedriver!GetHandleVerifier [0x7ff7c8359684+1dac4]
	chromedriver!GetHandleVerifier [0x7ff7c8359836+1dc76]
	chromedriver!GetHandleVerifier [0x7ff7c833e347+2787]
	KERNEL32!BaseThreadInitThunk [0x7ff8d5517ac4+14]
	ntdll!RtlUserThreadStart [0x7ff8d657a8c1+21]
================== 3 failed, 17 passed in 468.62s (0:07:48) ===================
